119
151
263
272
299
305
344
350
352
369
371
382
424
445
446
458
483
484
488
492
494
495
530
543
572
575
583
591
623
630
673
686
694
784
834
913
993
10004
10008
10013
10018
10019
10035
10038
10041
10050
10055
10071
10077
10082
10106
10107
10110
10183
10190
10193
10194
10195
10200
10220
10221
10222
10252
10279
10300
10324
10327
10334
10336
10340
10370
10424
10469
10473
10499
10523
10533
10579
10696
10699
10714
10783
10784
10785
10789
10812
10921
10922
10924
10929
10931
10970
11000
11005
11044
11056
11057
11058
11068
11069