1
11
6004963
566061
37100051
44614
210331
316319606
1010
441554
443005
0
26346
165563263
331265
52
161
11
727
1151105
122
22220220
111101
55324
11012
2002221
2353
81
23281
34351440
102130
42422
412
1102100
1
32302
2643321
12
37624
11231
204
110
2420
70380
3
361117
12148010
83805
2453
1353836
2333303
42204
296
0
233
101221102
1412443
10001
15436
2
10002
2
22564213
335580
1141
1
0
1
0
11
1663434
24122
1
2
2000
103203
3
111222
0
12220
11220221
3011
63420
4865
3310
0
3142
132
0
0
20
33
122344
212202
1022002
84731
240
43
403
0
