0
1
3
5
9
11
17
21
27
31
41
45
57
63
71
79
95
101
119
127
139
149
171
179
199
211
229
241
269
277
307
323
343
359
383
395
431
449
473
489
529
541
583
603
627
649
695
711
753
773
805
829
881
899
939
963
999
1027
1085
1101
1161
1191
1227
1259
1307
1327
1393
1425
1469
1493
1563
1587
1659
1695
1735
1771
1831
1855
1933
1965
2019
2059
2141
2165
2229
2271
2327
2367
2455
2479
2551
2595
2655
2701
2773
2805
2901
2943
3003
3043
3143
3175
3277
3325
3373
3425
3531
3567
3675
3715
3787
3835
3947
3983
4071
4127
4199
4257
4353
4385
4495
4555
4635
4695
4795
4831
4957
5021
5105
5153
5283
5323
5431
5497
5569
5633
5769
5813
5951
5999
6091
6161
6281
6329
6441
6513
6597
6669
6817
6857
7007
7079
7175
7235
7355
7403
7559
7637
7741
7805
7937
7991
8153
8233
8313
8395
8561
8609
8765
8829
8937
9021
9193
9249
9369
9449
9565
9653
9831
9879
10059
10131
10251
10339
10483
10543
10703
10795
10903
10975
11165
11229
11421
11517
11613
11697
11893
11953
12151
12231
12363
12463
12631
12695
12855
12957
13089
13185
13365
13413
13623
13727
13867
13973
14141
14213
14393
14501
14645
14725
14917
14989
15211
15307
15427
15539
15765
15837
16065
16153
16273
16385
16617
16689
16873
16989
17145
17241
17479
17543
17783
17893
18055
18175
18343
18423
18639
18759
18923
19023
19273
19345
19565
19691
19819
19947
20203
20287
20503
20599
20767
20897
21159
21239
21447
21555
21731
21863
22131
22203
22473
22601
22745
22881
23081
23169
23445
23583
23763
23859
24139
24231
24513
24653
24797
24917
25157
25253
25525
25637
25829
25973
26265
26349
26581
26725
26905
27053
27317
27397
27649
27799
27999
28143
28383
28479
28785
28905
29109
29229
29539
29635
29947
30103
30247
30403
30719
30823
31103
31231
31443
31575
31863
31971
32211
32373
32589
32749
33025
33105
33435
33599
33815
33981
34245
34341
34677
34833
35057
35185
35485
35593
35887
36055
36231
36403
36749
36861
37209
37329
37545
37705
38057
38173
38453
38629
38821
38999
39357
39453
39795
39975
40195
40339
40627
40747
41113
41289
41529
41673
41985
42105
42477
42637
42837
43021
43357
43465
43843
43987
44239
44429
44811
44939
45179
45371
45623
45815
46203
46299
46651
46819
47079
47275
47587
47707
48103
48301
48517
48677
49077
49209
49569
49769
49985
50153
50513
50641
51049
51209
51481
51685
52033
52165
52493
52685
52961
53141
53559
53655
54075
54285
54561
54769
55089
55229
55589
55801
56041
56209
56639
56783
57215
57395
57619
57835
58231
58375
58813
58973
59225
59417
59859
60003
60355
60577
60873
61065
61513
61633
62033
62257
62557
62783
63071
63215
63671
63899
64187
64363
64823
64943
65405
65629
65869
66101
66567
66711
67107
67291
67603
67835
68255
68411
68771
68963
69275
69513
69991
70119
70551
70791
71055
71275
71659
71821
72307
72547
72871
73039
73529
73689
74137
74353
74593
74833
75253
75417
75915
76115
76447
76697
77199
77343
77743
77963
78275
78527
79035
79163
79595
79851
80175
80431
80839
81007
81467
81683
82027
82219
82739
82907
83429
83689
83929
84191
84671
84831
85337
85545
85893
86109
86589
86765
87189
87453
87809
88077
88497
88641
89181
89451
89811
90067
90499
90643
91189
91461
91821
92021
92525
92701
93169
93445
93733
94009
94565
94745
95249
95441
95761
96041
96603
96787
97235
97517
97841
98121
98689
98833
99403
99643
100023
100263
100703
100895
101471
101743
102127
102351
102843
103035
103555
103843
104131
104423
105009
105177
105717
105949
106341
106629
107221
107401
107785
108081
108477
108741
109339
109499
110099
110351
110747
111047
111487
111687
112293
112581
112917
113157
113709
113901
114513
114819
115139
115379
115995
116199
116817
117057
117453
117763
118291
118483
118983
119295
119655
119967
120543
120687
121317
121629
122049
122365
122869
123077
123581
123861
124281
124537
125177
125389
126031
126295
126631
126919
127565
127781
128361
128601
128961
129285
129937
130153
130673
130993
131425
131701
132359
132519
133179
133509
133893
134221
134653
134869
