208220373985
186049970765
0
133293755245
189087554607
11751723717
10775266609
126222262521
57619
11159866297
188582260281
1086119329
110500994855
6287252797
70355254341
231222111393
158882690325
42073942567
8725387
2915325165
174398871681
2161147
9234171231
530453077
147532891141
124698789195
13917918081
92194540681
198977845261
245490101433
118815005093
293438425333
209565903583
399509035
97541974407
188214046255
215168466293
2170095519
75719792757
74764293609
209513698407
12280404249
105025059245
40112988797
206011251223
187011223559
125207179117
240471178663
177940044863
466833767
171999813673
17550609015
302084164207
68746543363
22979908977
64784836795
290235970479
130852029
88233620079
14652340795
136116486033
176095720347
269584046557
36314109
14381412941
199846125789
87296720175
248237748999
16625957383
43387476843
189837427811
67186850977
16903094039
29294526969
450602575
58565590345
72617986387
205578401311
244928827293
88768397583
77254452361
147604494381
141418166993
11916890967
43443353067
141545021255
197555969875
145353717055
67042214567
42404879689
30847591897
39926475963
151152767043
29631076333
1558716649
1500660761
245892312127
303963552391
147421047613
14974417457
