10CD7185 (base 16) = 481H89H (base 20)
2AEEA6E (base 21) = 7G1KPB (base 31)
940C3DC1 is not equal to 11220440332040 in any base 2..36
973L5K5 (base 24) = 12114400013044 (base 5)
F8INC4 (base 30) = 5G1FHD4 (base 20)
1227858574 (base 10) = VCBW5J (base 33)
3A8637211 (base 12) = JAH1D7A (base 21)
33110202162 (base 7) = 3A1EFCB9 (base 16)
Q3HE1J (base 31) = 354034380 (base 11)
6KLJMMM is not equal to 4A7787609 in any base 2..36
47E245M (base 25) = 9D715AB0 (base 14)
992793944 (base 10) = 1APK4BE (base 30)
11J8JG0A (base 20) = 2563EA02 (base 18)
4FF34G7G (base 17) = AE7BHB8 (base 24)
I9458A1 is not equal to M7AR3G in any base 2..36
1RPQX1 is not equal to 630172577 in any base 2..36
5E2DP8 is not equal to 30040145120 in any base 2..36
E7HE2KG (base 22) = 1FB5B7G0 (base 19)
11022220000211120002 (base 3) = 1100011111110001011011101010001 (base 2)
369609D3 is not equal to F0SNVQ in any base 2..36
360C4F0C (base 16) = 179E97M (base 30)
2020212122110102100 (base 3) = 2LDCDF2 (base 26)
2FNA90E is not equal to 2064H9BF in any base 2..36
1111101110110000011001001 (base 2) = 68I3JB (base 22)
1T9Q9DE (base 31) = 1407K0L (base 34)
1824087633 is not equal to PU3KK7 in any base 2..36
NK4DG3 (base 25) = JEJMAJ (base 26)
18I5A0N (base 32) = 639416066 (base 11)
BAHF3C7 (base 18) = DOIOKM (base 31)
EI3BFAG (base 22) = 41AEA78A (base 17)
36C3H305 (base 18) = 12022211110002100012 (base 3)
61466431135 is not equal to 75FK33J in any base 2..36
54D75080 (base 14) = 1110100010112201101 (base 3)
53517A437 (base 11) = 1139391095 (base 10)
BB963182 is not equal to 3LJ1BD5 in any base 2..36
3J348I7 (base 27) = 388D1DC6 (base 17)
1GIFPGJ (base 26) = 39JE46A (base 23)
2GI1T8J (base 30) = 1EIK46G (base 33)
1E7JFNI (base 25) = 830F6A7 (base 19)
LM3XGX (base 34) = 11H557AD (base 19)
3CADA914 is not equal to 2346GAR in any base 2..36
1414992929 (base 10) = 10344214233204 (base 5)
8FIAKKL (base 23) = C2B1994A (base 14)
1ACB696A7 is not equal to 1LI2GHI in any base 2..36
AJHKE17 (base 22) = 1KPOOIP (base 30)
13201444021242 (base 5) = 2054673322 (base 10)
HJ0B9B5 (base 20) = 310000423345 (base 6)
A6501C3C is not equal to 301203455255 in any base 2..36
2DEMRN is not equal to 11011000101201202 in any base 2..36
1332222203303033 (base 4) = 530BC772 (base 17)
5WN7NS (base 33) = 6VJ66M (base 32)
Y8I3GD (base 36) = 102204552631 (base 7)
B0C4599D is not equal to 3079IMJ in any base 2..36
21203331210213 (base 4) = E13C773 (base 15)
320203412511 (base 6) = 42025050364 (base 7)
412302502435 (base 6) = XS4WO7 (base 34)
HH2CHD is not equal to 59988273 in any base 2..36
9PVIB2 (base 34) = D0D7776 (base 18)
32J621K (base 28) = 404012400212 (base 6)
148C678A2 (base 14) = 51O924D (base 27)
WCBSF2 is not equal to 2DJSQ9D in any base 2..36
15H9ACB9 (base 19) = 10570403430 (base 8)
10534311621 (base 7) = D060F5A (base 17)
1232331023023223 (base 4) = 1EIMR8H (base 33)
2G43763 (base 24) = 11J952B (base 28)
495369723 (base 11) = 137C16314 (base 13)
4328565652 is not equal to 11431400303301 in any base 2..36
2GFILP7 is not equal to 43A889988 in any base 2..36
11376054D (base 14) = 1FT9OUP (base 32)
6667124611 is not equal to 114K7JT in any base 2..36
1PKVNE7 (base 32) = 3798695 (base 29)
K4CHK (base 28) = 8C60E8 (base 17)
2OAFF5B is not equal to 472KM0J in any base 2..36
236232326 (base 9) = 4517A82 (base 17)
30020012122033 (base 4) = 464738834 (base 9)
G4K9DAL (base 22) = 9F086BL (base 24)
JHJFB2E (base 21) = 6O95JO2 (base 25)
B516PO (base 27) = 21210111130002 (base 4)
55441444334 (base 6) = CIFM9U (base 31)
2GE59845 (base 17) = 72B15E05 (base 15)
1497799453 (base 10) = 52055041153 (base 7)
38420973A (base 12) = 6CHOHA8 (base 25)
4GA484E3 is not equal to 48BAA3345 in any base 2..36
4KPRRG is not equal to 3CQ15N in any base 2..36
613441052 (base 8) = 3J8N3E (base 31)
22413411330 (base 5) = 52264278 (base 9)
96475D1B is not equal to 111011011000101110000011000001 in any base 2..36
19G3A3P (base 34) = 398KL7B (base 29)
373I8I4 (base 26) = 2121111112010020002 (base 3)
542212242212 (base 6) = 2PHI3DE (base 30)
1110100000110001000000000110111 (base 2) = 1A8DA6H3 (base 20)
1E7F4DQ (base 29) = 1NFG04O (base 28)
22FDBB5H (base 18) = 19200A3A (base 19)
200312401343 (base 6) = 24054501066 (base 7)
3D61O7I (base 28) = 8I2N3E6 (base 24)
LJR0HG is not equal to 26643221503 in any base 2..36
1E5STJ3 (base 30) = 5EL5819 (base 24)
2MG3NIC (base 27) = 301021240450 (base 6)
CVAXCP is not equal to 9PJ7UE in any base 2..36
HJP8LL is not equal to 20075615 in any base 2..36
